c:\users\jihae\desktop\msc_games\computer_graphics\template_cg\opengltemplate\x64\release\vc142.pdb
c:\users\jihae\desktop\msc_games\computer_graphics\template_cg\opengltemplate\x64\release\skybox.obj
c:\users\jihae\desktop\msc_games\computer_graphics\template_cg\opengltemplate\x64\release\shaders.obj
c:\users\jihae\desktop\msc_games\computer_graphics\template_cg\opengltemplate\x64\release\quad.obj
c:\users\jihae\desktop\msc_games\computer_graphics\template_cg\opengltemplate\x64\release\player.obj
c:\users\jihae\desktop\msc_games\computer_graphics\template_cg\opengltemplate\x64\release\plane.obj
c:\users\jihae\desktop\msc_games\computer_graphics\template_cg\opengltemplate\x64\release\pickup.obj
c:\users\jihae\desktop\msc_games\computer_graphics\template_cg\opengltemplate\x64\release\openassetimportmesh.obj
c:\users\jihae\desktop\msc_games\computer_graphics\template_cg\opengltemplate\x64\release\matrixstack.obj
c:\users\jihae\desktop\msc_games\computer_graphics\template_cg\opengltemplate\x64\release\highresolutiontimer.obj
c:\users\jihae\desktop\msc_games\computer_graphics\template_cg\opengltemplate\x64\release\heightmapterrain.obj
c:\users\jihae\desktop\msc_games\computer_graphics\template_cg\opengltemplate\x64\release\gamewindow.obj
c:\users\jihae\desktop\msc_games\computer_graphics\template_cg\opengltemplate\x64\release\game.obj
c:\users\jihae\desktop\msc_games\computer_graphics\template_cg\opengltemplate\x64\release\freetypefont.obj
c:\users\jihae\desktop\msc_games\computer_graphics\template_cg\opengltemplate\x64\release\framebufferobject.obj
c:\users\jihae\desktop\msc_games\computer_graphics\template_cg\opengltemplate\x64\release\facevertexmesh.obj
c:\users\jihae\desktop\msc_games\computer_graphics\template_cg\opengltemplate\x64\release\cubemap.obj
c:\users\jihae\desktop\msc_games\computer_graphics\template_cg\opengltemplate\x64\release\catmullrom.obj
c:\users\jihae\desktop\msc_games\computer_graphics\template_cg\opengltemplate\x64\release\camera.obj
c:\users\jihae\desktop\msc_games\computer_graphics\template_cg\opengltemplate\x64\release\bomb.obj
c:\users\jihae\desktop\msc_games\computer_graphics\template_cg\opengltemplate\x64\release\audio.obj
c:\users\jihae\desktop\msc_games\computer_graphics\template_cg\opengltemplate\x64\release\vertexbufferobjectindexed.obj
c:\users\jihae\desktop\msc_games\computer_graphics\template_cg\opengltemplate\x64\release\vertexbufferobject.obj
c:\users\jihae\desktop\msc_games\computer_graphics\template_cg\opengltemplate\x64\release\urchin.obj
c:\users\jihae\desktop\msc_games\computer_graphics\template_cg\opengltemplate\x64\release\texture.obj
c:\users\jihae\desktop\msc_games\computer_graphics\template_cg\opengltemplate\x64\release\tetrahedron.obj
c:\users\jihae\desktop\msc_games\computer_graphics\template_cg\opengltemplate\x64\release\sphere.obj
c:\users\jihae\desktop\msc_games\computer_graphics\template_cg\sourcecode\opengltemplate\x64\release\vc142.pdb
c:\users\jihae\desktop\msc_games\computer_graphics\template_cg\sourcecode\opengltemplate\x64\release\skybox.obj
c:\users\jihae\desktop\msc_games\computer_graphics\template_cg\sourcecode\opengltemplate\x64\release\shaders.obj
c:\users\jihae\desktop\msc_games\computer_graphics\template_cg\sourcecode\opengltemplate\x64\release\quad.obj
c:\users\jihae\desktop\msc_games\computer_graphics\template_cg\sourcecode\opengltemplate\x64\release\player.obj
c:\users\jihae\desktop\msc_games\computer_graphics\template_cg\sourcecode\opengltemplate\x64\release\plane.obj
c:\users\jihae\desktop\msc_games\computer_graphics\template_cg\sourcecode\opengltemplate\x64\release\pickup.obj
c:\users\jihae\desktop\msc_games\computer_graphics\template_cg\sourcecode\opengltemplate\x64\release\openassetimportmesh.obj
c:\users\jihae\desktop\msc_games\computer_graphics\template_cg\sourcecode\opengltemplate\x64\release\matrixstack.obj
c:\users\jihae\desktop\msc_games\computer_graphics\template_cg\sourcecode\opengltemplate\x64\release\highresolutiontimer.obj
c:\users\jihae\desktop\msc_games\computer_graphics\template_cg\sourcecode\opengltemplate\x64\release\heightmapterrain.obj
c:\users\jihae\desktop\msc_games\computer_graphics\template_cg\sourcecode\opengltemplate\x64\release\gamewindow.obj
c:\users\jihae\desktop\msc_games\computer_graphics\template_cg\sourcecode\opengltemplate\x64\release\game.obj
c:\users\jihae\desktop\msc_games\computer_graphics\template_cg\sourcecode\opengltemplate\x64\release\freetypefont.obj
c:\users\jihae\desktop\msc_games\computer_graphics\template_cg\sourcecode\opengltemplate\x64\release\framebufferobject.obj
c:\users\jihae\desktop\msc_games\computer_graphics\template_cg\sourcecode\opengltemplate\x64\release\facevertexmesh.obj
c:\users\jihae\desktop\msc_games\computer_graphics\template_cg\sourcecode\opengltemplate\x64\release\cubemap.obj
c:\users\jihae\desktop\msc_games\computer_graphics\template_cg\sourcecode\opengltemplate\x64\release\catmullrom.obj
c:\users\jihae\desktop\msc_games\computer_graphics\template_cg\sourcecode\opengltemplate\x64\release\camera.obj
c:\users\jihae\desktop\msc_games\computer_graphics\template_cg\sourcecode\opengltemplate\x64\release\bomb.obj
c:\users\jihae\desktop\msc_games\computer_graphics\template_cg\sourcecode\opengltemplate\x64\release\audio.obj
c:\users\jihae\desktop\msc_games\computer_graphics\template_cg\sourcecode\opengltemplate\x64\release\vertexbufferobjectindexed.obj
c:\users\jihae\desktop\msc_games\computer_graphics\template_cg\sourcecode\opengltemplate\x64\release\vertexbufferobject.obj
c:\users\jihae\desktop\msc_games\computer_graphics\template_cg\sourcecode\opengltemplate\x64\release\urchin.obj
c:\users\jihae\desktop\msc_games\computer_graphics\template_cg\sourcecode\opengltemplate\x64\release\texture.obj
c:\users\jihae\desktop\msc_games\computer_graphics\template_cg\sourcecode\opengltemplate\x64\release\tetrahedron.obj
c:\users\jihae\desktop\msc_games\computer_graphics\template_cg\sourcecode\opengltemplate\x64\release\sphere.obj
c:\users\jihae\desktop\msc_games\computer_graphics\template_cg\x64\release\opengltemplate.exe
c:\users\jihae\desktop\msc_games\computer_graphics\template_cg\x64\release\opengltemplate.pdb
c:\users\jihae\desktop\msc_games\computer_graphics\template_cg\sourcecode\x64\release\opengltemplate.exe
c:\users\jihae\desktop\msc_games\computer_graphics\template_cg\sourcecode\x64\release\opengltemplate.pdb
c:\users\jihae\desktop\msc_games\computer_graphics\template_cg\x64\release\opengltemplate.lib
c:\users\jihae\desktop\msc_games\computer_graphics\template_cg\x64\release\opengltemplate.exp
c:\users\jihae\desktop\msc_games\computer_graphics\template_cg\x64\release\opengltemplate.ipdb
c:\users\jihae\desktop\msc_games\computer_graphics\template_cg\x64\release\opengltemplate.iobj
c:\users\jihae\desktop\msc_games\computer_graphics\template_cg\opengltemplate\x64\release\vcpkg.applocal.log
c:\users\jihae\desktop\msc_games\computer_graphics\template_cg\sourcecode\x64\release\opengltemplate.lib
c:\users\jihae\desktop\msc_games\computer_graphics\template_cg\sourcecode\x64\release\opengltemplate.exp
c:\users\jihae\desktop\msc_games\computer_graphics\template_cg\sourcecode\x64\release\opengltemplate.ipdb
c:\users\jihae\desktop\msc_games\computer_graphics\template_cg\sourcecode\x64\release\opengltemplate.iobj
c:\users\jihae\desktop\msc_games\computer_graphics\template_cg\sourcecode\opengltemplate\x64\release\vcpkg.applocal.log
c:\users\jihae\desktop\msc_games\computer_graphics\template_cg\sourcecode\opengltemplate\x64\release\opengltemplate.tlog\cl.command.1.tlog
c:\users\jihae\desktop\msc_games\computer_graphics\template_cg\sourcecode\opengltemplate\x64\release\opengltemplate.tlog\cl.read.1.tlog
c:\users\jihae\desktop\msc_games\computer_graphics\template_cg\sourcecode\opengltemplate\x64\release\opengltemplate.tlog\cl.write.1.tlog
c:\users\jihae\desktop\msc_games\computer_graphics\template_cg\sourcecode\opengltemplate\x64\release\opengltemplate.tlog\link.command.1.tlog
c:\users\jihae\desktop\msc_games\computer_graphics\template_cg\sourcecode\opengltemplate\x64\release\opengltemplate.tlog\link.delete.1.tlog
c:\users\jihae\desktop\msc_games\computer_graphics\template_cg\sourcecode\opengltemplate\x64\release\opengltemplate.tlog\link.read.1.tlog
c:\users\jihae\desktop\msc_games\computer_graphics\template_cg\sourcecode\opengltemplate\x64\release\opengltemplate.tlog\link.write.1.tlog
c:\users\jihae\desktop\msc_games\computer_graphics\template_cg\sourcecode\opengltemplate\x64\release\opengltemplate.tlog\opengltemplate.write.1u.tlog
