  Game.cpp
C:\Users\jihae\Desktop\MSc_Games\Computer_Graphics\Template_CG\OpenGLTemplate\Game.cpp(343,12): warning C4244: 'argument': conversion from 'time_t' to 'unsigned int', possible loss of data
C:\Users\jihae\Desktop\MSc_Games\Computer_Graphics\Template_CG\OpenGLTemplate\Game.cpp(370,76): warning C4244: 'argument': conversion from 'int' to 'float', possible loss of data
C:\Users\jihae\Desktop\MSc_Games\Computer_Graphics\Template_CG\OpenGLTemplate\Game.cpp(370,66): warning C4244: 'argument': conversion from 'int' to 'float', possible loss of data
C:\Users\jihae\Desktop\MSc_Games\Computer_Graphics\Template_CG\OpenGLTemplate\Game.cpp(371,64): warning C4244: 'argument': conversion from 'int' to 'float', possible loss of data
C:\Users\jihae\Desktop\MSc_Games\Computer_Graphics\Template_CG\OpenGLTemplate\Game.cpp(371,57): warning C4244: 'argument': conversion from 'int' to 'float', possible loss of data
C:\Users\jihae\Desktop\MSc_Games\Computer_Graphics\Template_CG\OpenGLTemplate\Game.cpp(372,64): warning C4244: 'argument': conversion from 'int' to 'float', possible loss of data
C:\Users\jihae\Desktop\MSc_Games\Computer_Graphics\Template_CG\OpenGLTemplate\Game.cpp(372,57): warning C4244: 'argument': conversion from 'int' to 'float', possible loss of data
C:\Users\jihae\Desktop\MSc_Games\Computer_Graphics\Template_CG\OpenGLTemplate\Game.cpp(373,65): warning C4244: 'argument': conversion from 'int' to 'float', possible loss of data
C:\Users\jihae\Desktop\MSc_Games\Computer_Graphics\Template_CG\OpenGLTemplate\Game.cpp(373,58): warning C4244: 'argument': conversion from 'int' to 'float', possible loss of data
C:\Users\jihae\Desktop\MSc_Games\Computer_Graphics\Template_CG\OpenGLTemplate\Game.cpp(838,28): warning C4244: 'argument': conversion from 'double' to 'float', possible loss of data
C:\Users\jihae\Desktop\MSc_Games\Computer_Graphics\Template_CG\OpenGLTemplate\Game.cpp(839,40): warning C4244: '=': conversion from 'double' to 'float', possible loss of data
C:\Users\jihae\Desktop\MSc_Games\Computer_Graphics\Template_CG\OpenGLTemplate\Game.cpp(844,26): warning C4244: 'argument': conversion from 'double' to 'float', possible loss of data
C:\Users\jihae\Desktop\MSc_Games\Computer_Graphics\Template_CG\OpenGLTemplate\Game.cpp(935,65): warning C4244: 'argument': conversion from 'int' to 'float', possible loss of data
C:\Users\jihae\Desktop\MSc_Games\Computer_Graphics\Template_CG\OpenGLTemplate\Game.cpp(935,48): warning C4244: 'argument': conversion from 'int' to 'float', possible loss of data
C:\Users\jihae\Desktop\MSc_Games\Computer_Graphics\Template_CG\OpenGLTemplate\Game.cpp(1232,21): warning C4244: 'return': conversion from 'WPARAM' to 'int', possible loss of data
  VertexBufferObjectIndexed.cpp
  Generating Code...
     Creating library C:\Users\jihae\Desktop\MSc_Games\Computer_Graphics\Template_CG\x64\Debug\OpenGLTemplate.lib and object C:\Users\jihae\Desktop\MSc_Games\Computer_Graphics\Template_CG\x64\Debug\OpenGLTemplate.exp
MSVCRTD.lib(initializers.obj) : warning LNK4098: defaultlib 'msvcrt.lib' conflicts with use of other libs; use /NODEFAULTLIB:library
  OpenGLTemplate.vcxproj -> C:\Users\jihae\Desktop\MSc_Games\Computer_Graphics\Template_CG\x64\Debug\OpenGLTemplate.exe
