c:\users\jihae\desktop\msc_games\computer_graphics\template_cg\opengltemplate\x64\debug\vc142.pdb
c:\users\jihae\desktop\msc_games\computer_graphics\template_cg\opengltemplate\x64\debug\vc142.idb
c:\users\jihae\desktop\msc_games\computer_graphics\template_cg\opengltemplate\x64\debug\skybox.obj
c:\users\jihae\desktop\msc_games\computer_graphics\template_cg\opengltemplate\x64\debug\shaders.obj
c:\users\jihae\desktop\msc_games\computer_graphics\template_cg\opengltemplate\x64\debug\quad.obj
c:\users\jihae\desktop\msc_games\computer_graphics\template_cg\opengltemplate\x64\debug\player.obj
c:\users\jihae\desktop\msc_games\computer_graphics\template_cg\opengltemplate\x64\debug\plane.obj
c:\users\jihae\desktop\msc_games\computer_graphics\template_cg\opengltemplate\x64\debug\pickup.obj
c:\users\jihae\desktop\msc_games\computer_graphics\template_cg\opengltemplate\x64\debug\openassetimportmesh.obj
c:\users\jihae\desktop\msc_games\computer_graphics\template_cg\opengltemplate\x64\debug\matrixstack.obj
c:\users\jihae\desktop\msc_games\computer_graphics\template_cg\opengltemplate\x64\debug\highresolutiontimer.obj
c:\users\jihae\desktop\msc_games\computer_graphics\template_cg\opengltemplate\x64\debug\heightmapterrain.obj
c:\users\jihae\desktop\msc_games\computer_graphics\template_cg\opengltemplate\x64\debug\gamewindow.obj
c:\users\jihae\desktop\msc_games\computer_graphics\template_cg\opengltemplate\x64\debug\freetypefont.obj
c:\users\jihae\desktop\msc_games\computer_graphics\template_cg\opengltemplate\x64\debug\framebufferobject.obj
c:\users\jihae\desktop\msc_games\computer_graphics\template_cg\opengltemplate\x64\debug\facevertexmesh.obj
c:\users\jihae\desktop\msc_games\computer_graphics\template_cg\opengltemplate\x64\debug\cubemap.obj
c:\users\jihae\desktop\msc_games\computer_graphics\template_cg\opengltemplate\x64\debug\catmullrom.obj
c:\users\jihae\desktop\msc_games\computer_graphics\template_cg\opengltemplate\x64\debug\camera.obj
c:\users\jihae\desktop\msc_games\computer_graphics\template_cg\opengltemplate\x64\debug\bomb.obj
c:\users\jihae\desktop\msc_games\computer_graphics\template_cg\opengltemplate\x64\debug\audio.obj
c:\users\jihae\desktop\msc_games\computer_graphics\template_cg\opengltemplate\x64\debug\vertexbufferobjectindexed.obj
c:\users\jihae\desktop\msc_games\computer_graphics\template_cg\opengltemplate\x64\debug\vertexbufferobject.obj
c:\users\jihae\desktop\msc_games\computer_graphics\template_cg\opengltemplate\x64\debug\urchin.obj
c:\users\jihae\desktop\msc_games\computer_graphics\template_cg\opengltemplate\x64\debug\texture.obj
c:\users\jihae\desktop\msc_games\computer_graphics\template_cg\opengltemplate\x64\debug\tetrahedron.obj
c:\users\jihae\desktop\msc_games\computer_graphics\template_cg\opengltemplate\x64\debug\sphere.obj
c:\users\jihae\desktop\msc_games\computer_graphics\template_cg\opengltemplate\x64\debug\game.obj
c:\users\jihae\desktop\msc_games\computer_graphics\template_cg\x64\debug\opengltemplate.exe
c:\users\jihae\desktop\msc_games\computer_graphics\template_cg\x64\debug\opengltemplate.ilk
c:\users\jihae\desktop\msc_games\computer_graphics\template_cg\x64\debug\opengltemplate.pdb
c:\users\jihae\desktop\msc_games\computer_graphics\template_cg\x64\debug\opengltemplate.lib
c:\users\jihae\desktop\msc_games\computer_graphics\template_cg\x64\debug\opengltemplate.exp
c:\users\jihae\desktop\msc_games\computer_graphics\template_cg\opengltemplate\x64\debug\vcpkg.applocal.log
c:\users\jihae\desktop\msc_games\computer_graphics\template_cg\opengltemplate\x64\debug\opengltemplate.tlog\cl.command.1.tlog
c:\users\jihae\desktop\msc_games\computer_graphics\template_cg\opengltemplate\x64\debug\opengltemplate.tlog\cl.read.1.tlog
c:\users\jihae\desktop\msc_games\computer_graphics\template_cg\opengltemplate\x64\debug\opengltemplate.tlog\cl.write.1.tlog
c:\users\jihae\desktop\msc_games\computer_graphics\template_cg\opengltemplate\x64\debug\opengltemplate.tlog\link.command.1.tlog
c:\users\jihae\desktop\msc_games\computer_graphics\template_cg\opengltemplate\x64\debug\opengltemplate.tlog\link.read.1.tlog
c:\users\jihae\desktop\msc_games\computer_graphics\template_cg\opengltemplate\x64\debug\opengltemplate.tlog\link.write.1.tlog
c:\users\jihae\desktop\msc_games\computer_graphics\template_cg\opengltemplate\x64\debug\opengltemplate.tlog\opengltemplate.write.1u.tlog
